c:\users\matte\documents\visual studio 2017\progetti\gravitar\gravitar\x64\debug\vc141.pdb
c:\users\matte\documents\visual studio 2017\progetti\gravitar\gravitar\x64\debug\vc141.idb
c:\users\matte\documents\visual studio 2017\progetti\gravitar\gravitar\x64\debug\texturemanager.obj
c:\users\matte\documents\visual studio 2017\progetti\gravitar\gravitar\x64\debug\raggiotraente.obj
c:\users\matte\documents\visual studio 2017\progetti\gravitar\gravitar\x64\debug\proiettile.obj
c:\users\matte\documents\visual studio 2017\progetti\gravitar\gravitar\x64\debug\pianeta.obj
c:\users\matte\documents\visual studio 2017\progetti\gravitar\gravitar\x64\debug\main.obj
c:\users\matte\documents\visual studio 2017\progetti\gravitar\gravitar\x64\debug\fuel.obj
c:\users\matte\documents\visual studio 2017\progetti\gravitar\gravitar\x64\debug\engine.obj
c:\users\matte\documents\visual studio 2017\progetti\gravitar\gravitar\x64\debug\collision.obj
c:\users\matte\documents\visual studio 2017\progetti\gravitar\gravitar\x64\debug\bunker.obj
c:\users\matte\documents\visual studio 2017\progetti\gravitar\gravitar\x64\debug\astronave.obj
c:\users\matte\documents\visual studio 2017\progetti\gravitar\x64\debug\gravitar.exe
c:\users\matte\documents\visual studio 2017\progetti\gravitar\x64\debug\gravitar.ilk
c:\users\matte\documents\visual studio 2017\progetti\gravitar\x64\debug\gravitar.pdb
c:\users\matte\documents\visual studio 2017\progetti\gravitar\gravitar\x64\debug\gravitar.tlog\cl.command.1.tlog
c:\users\matte\documents\visual studio 2017\progetti\gravitar\gravitar\x64\debug\gravitar.tlog\cl.read.1.tlog
c:\users\matte\documents\visual studio 2017\progetti\gravitar\gravitar\x64\debug\gravitar.tlog\cl.write.1.tlog
c:\users\matte\documents\visual studio 2017\progetti\gravitar\gravitar\x64\debug\gravitar.tlog\link.command.1.tlog
c:\users\matte\documents\visual studio 2017\progetti\gravitar\gravitar\x64\debug\gravitar.tlog\link.read.1.tlog
c:\users\matte\documents\visual studio 2017\progetti\gravitar\gravitar\x64\debug\gravitar.tlog\link.write.1.tlog
